{"version":8,"type":"context-options","origin":"library","browserName":"chromium","playwrightVersion":"1.59.0-alpha-1771104257000","options":{"noDefaultViewport":true,"ignoreHTTPSErrors":true,"serviceWorkers":"block","selectorEngines":[],"acceptDownloads":"accept"},"platform":"darwin","wallTime":1771680667908,"monotonicTime":528832.33,"sdkLanguage":"javascript","testIdAttributeName":"data-testid","contextId":"browser-context@c9a0eb38498467d14b0a888308b2ca5a","channel":"chrome"}
{"type":"before","callId":"call@6","startTime":528836.903,"class":"BrowserContext","method":"newPage","params":{}}
{"type":"event","time":529453.384,"class":"BrowserContext","method":"page","params":{"pageId":"page@beb5bc6e580238bc6683ac674af29bc6"}}
{"type":"after","callId":"call@6","endTime":529453.694,"result":{"page":"<Page>"}}
{"type":"before","callId":"call@14","startTime":529460.279,"class":"Page","method":"consoleMessages","params":{},"pageId":"page@beb5bc6e580238bc6683ac674af29bc6"}
{"type":"after","callId":"call@14","endTime":529460.67,"result":{"messages":[]}}
{"type":"before","callId":"call@16","startTime":529462.616,"class":"Page","method":"pageErrors","params":{},"pageId":"page@beb5bc6e580238bc6683ac674af29bc6"}
{"type":"after","callId":"call@16","endTime":529463.018,"result":{"errors":[]}}
{"type":"before","callId":"call@18","startTime":529463.867,"class":"Page","method":"requests","params":{},"pageId":"page@beb5bc6e580238bc6683ac674af29bc6"}
{"type":"after","callId":"call@18","endTime":529464.066,"result":{"requests":[]}}
{"type":"before","callId":"call@20","startTime":529465.142,"class":"Page","method":"clearConsoleMessages","params":{},"pageId":"page@beb5bc6e580238bc6683ac674af29bc6"}
{"type":"after","callId":"call@20","endTime":529465.37}
{"type":"before","callId":"call@22","startTime":529465.543,"class":"Page","method":"clearPageErrors","params":{},"pageId":"page@beb5bc6e580238bc6683ac674af29bc6"}
{"type":"after","callId":"call@22","endTime":529465.671}
{"type":"before","callId":"call@24","startTime":529467.339,"class":"Frame","method":"goto","params":{"url":"http://localhost:8001/Wazuh_configuration.pdf","timeout":60000,"waitUntil":"domcontentloaded"},"pageId":"page@beb5bc6e580238bc6683ac674af29bc6","beforeSnapshot":"before@call@24"}
{"type":"frame-snapshot","snapshot":{"callId":"call@24","snapshotName":"before@call@24","pageId":"page@beb5bc6e580238bc6683ac674af29bc6","frameId":"frame@33f8c69fc692ed4c47e3c6d4fb9a26ef","frameUrl":"about:blank","html":["HTML",{},["HEAD",{},["BASE",{"href":"about:blank"}]],["BODY"]],"viewport":{"width":1200,"height":894},"timestamp":529490.958,"wallTime":1771680668563,"collectionTime":1.6999999955296516,"resourceOverrides":[],"isMainFrame":true}}
{"type":"log","callId":"call@24","time":529495.174,"message":"navigating to \"http://localhost:8001/Wazuh_configuration.pdf\", waiting until \"domcontentloaded\""}
{"type":"screencast-frame","pageId":"page@beb5bc6e580238bc6683ac674af29bc6","sha1":"page@beb5bc6e580238bc6683ac674af29bc6-1771680668721.jpeg","width":1200,"height":894,"timestamp":529646.136,"frameSwapWallTime":1771680668709.091}
{"type":"after","callId":"call@24","endTime":529834.948,"result":{"response":"<Response>"},"afterSnapshot":"after@call@24"}
{"type":"console","messageType":"error","text":"Failed to load resource: the server responded with a status of 404 (File not found)","args":[],"location":{"url":"http://localhost:8001/favicon.ico","lineNumber":0,"columnNumber":0},"time":529847.251,"pageId":"page@beb5bc6e580238bc6683ac674af29bc6"}
{"type":"frame-snapshot","snapshot":{"callId":"call@24","snapshotName":"after@call@24","pageId":"page@beb5bc6e580238bc6683ac674af29bc6","frameId":"frame@33f8c69fc692ed4c47e3c6d4fb9a26ef","frameUrl":"http://localhost:8001/Wazuh_configuration.pdf","doctype":"html","html":["HTML",{},["HEAD",{},["BASE",{"href":"http://localhost:8001/Wazuh_configuration.pdf"}],"\n    ",["LINK",{"rel":"stylesheet","href":"chrome-extension://mhjfbmdgcfjbbpaeojofohoefgiehjai/pdf_embedder.css"}],"\n  "],"\n  ",["BODY",{},"\n    \n  \n\n"]],"viewport":{"width":1200,"height":894},"timestamp":529854.305,"wallTime":1771680668913,"collectionTime":0.5,"resourceOverrides":[],"isMainFrame":true}}
{"type":"before","callId":"call@31","startTime":529922.139,"class":"Page","method":"consoleMessages","params":{},"pageId":"page@beb5bc6e580238bc6683ac674af29bc6"}
{"type":"after","callId":"call@31","endTime":529922.367,"result":{"messages":[{"type":"error","text":"Failed to load resource: the server responded with a status of 404 (File not found)","args":[],"location":{"url":"http://localhost:8001/favicon.ico","lineNumber":0,"columnNumber":0},"timestamp":1771680668909.656}]}}
{"type":"before","callId":"call@33","startTime":529923,"class":"Page","method":"pageErrors","params":{},"pageId":"page@beb5bc6e580238bc6683ac674af29bc6"}
{"type":"after","callId":"call@33","endTime":529923.082,"result":{"errors":[]}}
{"type":"screencast-frame","pageId":"page@beb5bc6e580238bc6683ac674af29bc6","sha1":"page@beb5bc6e580238bc6683ac674af29bc6-1771680669544.jpeg","width":1200,"height":894,"timestamp":530468.747,"frameSwapWallTime":1771680669536.989}
{"type":"screencast-frame","pageId":"page@beb5bc6e580238bc6683ac674af29bc6","sha1":"page@beb5bc6e580238bc6683ac674af29bc6-1771680669643.jpeg","width":1200,"height":894,"timestamp":530568.139,"frameSwapWallTime":1771680669637.8591}
{"type":"screencast-frame","pageId":"page@beb5bc6e580238bc6683ac674af29bc6","sha1":"page@beb5bc6e580238bc6683ac674af29bc6-1771680670083.jpeg","width":1200,"height":894,"timestamp":531007.813,"frameSwapWallTime":1771680670077.396}
{"type":"screencast-frame","pageId":"page@beb5bc6e580238bc6683ac674af29bc6","sha1":"page@beb5bc6e580238bc6683ac674af29bc6-1771680670117.jpeg","width":1200,"height":894,"timestamp":531041.565,"frameSwapWallTime":1771680670111.055}
{"type":"screencast-frame","pageId":"page@beb5bc6e580238bc6683ac674af29bc6","sha1":"page@beb5bc6e580238bc6683ac674af29bc6-1771680670224.jpeg","width":1200,"height":894,"timestamp":531149.138,"frameSwapWallTime":1771680670156.478}
{"type":"screencast-frame","pageId":"page@beb5bc6e580238bc6683ac674af29bc6","sha1":"page@beb5bc6e580238bc6683ac674af29bc6-1771680670226.jpeg","width":1200,"height":894,"timestamp":531151.107,"frameSwapWallTime":1771680670179.017}
{"type":"screencast-frame","pageId":"page@beb5bc6e580238bc6683ac674af29bc6","sha1":"page@beb5bc6e580238bc6683ac674af29bc6-1771680670229.jpeg","width":1200,"height":894,"timestamp":531153.314,"frameSwapWallTime":1771680670195.15}
{"type":"screencast-frame","pageId":"page@beb5bc6e580238bc6683ac674af29bc6","sha1":"page@beb5bc6e580238bc6683ac674af29bc6-1771680670289.jpeg","width":1200,"height":894,"timestamp":531213.663,"frameSwapWallTime":1771680670277.781}
{"type":"screencast-frame","pageId":"page@beb5bc6e580238bc6683ac674af29bc6","sha1":"page@beb5bc6e580238bc6683ac674af29bc6-1771680670319.jpeg","width":1200,"height":894,"timestamp":531243.33,"frameSwapWallTime":1771680670311.125}
{"type":"screencast-frame","pageId":"page@beb5bc6e580238bc6683ac674af29bc6","sha1":"page@beb5bc6e580238bc6683ac674af29bc6-1771680670737.jpeg","width":1200,"height":894,"timestamp":531662.045,"frameSwapWallTime":1771680670731.062}
{"type":"screencast-frame","pageId":"page@beb5bc6e580238bc6683ac674af29bc6","sha1":"page@beb5bc6e580238bc6683ac674af29bc6-1771680670759.jpeg","width":1200,"height":894,"timestamp":531683.703,"frameSwapWallTime":1771680670752.084}
{"type":"screencast-frame","pageId":"page@beb5bc6e580238bc6683ac674af29bc6","sha1":"page@beb5bc6e580238bc6683ac674af29bc6-1771680670789.jpeg","width":1200,"height":894,"timestamp":531713.365,"frameSwapWallTime":1771680670781.576}
{"type":"screencast-frame","pageId":"page@beb5bc6e580238bc6683ac674af29bc6","sha1":"page@beb5bc6e580238bc6683ac674af29bc6-1771680670820.jpeg","width":1200,"height":894,"timestamp":531744.538,"frameSwapWallTime":1771680670812.615}
{"type":"screencast-frame","pageId":"page@beb5bc6e580238bc6683ac674af29bc6","sha1":"page@beb5bc6e580238bc6683ac674af29bc6-1771680695799.jpeg","width":1200,"height":894,"timestamp":556722.75,"frameSwapWallTime":1771680695788.344}
{"type":"screencast-frame","pageId":"page@beb5bc6e580238bc6683ac674af29bc6","sha1":"page@beb5bc6e580238bc6683ac674af29bc6-1771680695819.jpeg","width":1200,"height":894,"timestamp":556743.031,"frameSwapWallTime":1771680695809.733}
{"type":"screencast-frame","pageId":"page@beb5bc6e580238bc6683ac674af29bc6","sha1":"page@beb5bc6e580238bc6683ac674af29bc6-1771680695868.jpeg","width":1200,"height":894,"timestamp":556792.262,"frameSwapWallTime":1771680695859.8372}
{"type":"screencast-frame","pageId":"page@beb5bc6e580238bc6683ac674af29bc6","sha1":"page@beb5bc6e580238bc6683ac674af29bc6-1771680695899.jpeg","width":1200,"height":894,"timestamp":556822.933,"frameSwapWallTime":1771680695890.399}
{"type":"screencast-frame","pageId":"page@beb5bc6e580238bc6683ac674af29bc6","sha1":"page@beb5bc6e580238bc6683ac674af29bc6-1771680696103.jpeg","width":1200,"height":894,"timestamp":557027.189,"frameSwapWallTime":1771680696088.341}
{"type":"screencast-frame","pageId":"page@beb5bc6e580238bc6683ac674af29bc6","sha1":"page@beb5bc6e580238bc6683ac674af29bc6-1771680696316.jpeg","width":1200,"height":894,"timestamp":557240.698,"frameSwapWallTime":1771680696299.574}
{"type":"screencast-frame","pageId":"page@beb5bc6e580238bc6683ac674af29bc6","sha1":"page@beb5bc6e580238bc6683ac674af29bc6-1771680696533.jpeg","width":1200,"height":894,"timestamp":557457.644,"frameSwapWallTime":1771680696506.768}
{"type":"screencast-frame","pageId":"page@beb5bc6e580238bc6683ac674af29bc6","sha1":"page@beb5bc6e580238bc6683ac674af29bc6-1771680696713.jpeg","width":1200,"height":894,"timestamp":557637.2,"frameSwapWallTime":1771680696692.456}
{"type":"screencast-frame","pageId":"page@beb5bc6e580238bc6683ac674af29bc6","sha1":"page@beb5bc6e580238bc6683ac674af29bc6-1771680696910.jpeg","width":1200,"height":894,"timestamp":557834.001,"frameSwapWallTime":1771680696897.723}
{"type":"screencast-frame","pageId":"page@beb5bc6e580238bc6683ac674af29bc6","sha1":"page@beb5bc6e580238bc6683ac674af29bc6-1771680698953.jpeg","width":1200,"height":894,"timestamp":559877.57,"frameSwapWallTime":1771680698943.708}
{"type":"screencast-frame","pageId":"page@beb5bc6e580238bc6683ac674af29bc6","sha1":"page@beb5bc6e580238bc6683ac674af29bc6-1771682710236.jpeg","width":1200,"height":894,"timestamp":2571122.556,"frameSwapWallTime":1771682710191.955}
{"type":"screencast-frame","pageId":"page@beb5bc6e580238bc6683ac674af29bc6","sha1":"page@beb5bc6e580238bc6683ac674af29bc6-1771682710257.jpeg","width":1200,"height":894,"timestamp":2571143.16,"frameSwapWallTime":1771682710234.887}
{"type":"screencast-frame","pageId":"page@beb5bc6e580238bc6683ac674af29bc6","sha1":"page@beb5bc6e580238bc6683ac674af29bc6-1771682710310.jpeg","width":1200,"height":894,"timestamp":2571196.635,"frameSwapWallTime":1771682710291.494}
{"type":"screencast-frame","pageId":"page@beb5bc6e580238bc6683ac674af29bc6","sha1":"page@beb5bc6e580238bc6683ac674af29bc6-1771682710532.jpeg","width":1200,"height":894,"timestamp":2571418.093,"frameSwapWallTime":1771682710511.762}
{"type":"screencast-frame","pageId":"page@beb5bc6e580238bc6683ac674af29bc6","sha1":"page@beb5bc6e580238bc6683ac674af29bc6-1771682710695.jpeg","width":1200,"height":894,"timestamp":2571581.761,"frameSwapWallTime":1771682710674.9639}
{"type":"screencast-frame","pageId":"page@beb5bc6e580238bc6683ac674af29bc6","sha1":"page@beb5bc6e580238bc6683ac674af29bc6-1771682710978.jpeg","width":1200,"height":894,"timestamp":2571864.503,"frameSwapWallTime":1771682710952.805}
{"type":"screencast-frame","pageId":"page@beb5bc6e580238bc6683ac674af29bc6","sha1":"page@beb5bc6e580238bc6683ac674af29bc6-1771682711012.jpeg","width":1200,"height":894,"timestamp":2571898.079,"frameSwapWallTime":1771682710986.181}
